<?xml version="1.0" encoding="utf-8"?><testsuites name="pytest tests"><testsuite name="pytest" errors="0" failures="0" skipped="0" tests="6" time="1.616" timestamp="2026-08-18T13:19:23.934786+00:00" hostname="agent-env-bda36793-2020-40e2-8069-06b208e2fcfe"><testcase classname="tests.test_restore_smoke" name="test_health_and_root" time="0.325" /><testcase classname="tests.test_iteration2_officeflow" name="test_health_and_root" time="0.410" /><testcase classname="tests.test_restore_smoke" name="test_admin_login_cookie_and_me" time="0.620" /><testcase classname="tests.test_iteration2_officeflow" name="test_admin_login_cookie_and_me" time="0.613" /><testcase classname="tests.test_restore_smoke" name="test_me_requires_session" time="0.162" /><testcase classname="tests.test_iteration2_officeflow" name="test_me_without_session_is_unauthorized" time="0.250" /></testsuite></testsuites>