<?xml version="1.0" encoding="utf-8"?><testsuites name="pytest tests"><testsuite name="pytest" errors="0" failures="0" skipped="0" tests="5" time="2.086" timestamp="2026-08-18T13:45:26.324728+00:00" hostname="agent-env-bda36793-2020-40e2-8069-06b208e2fcfe"><testcase classname="tests.test_uploads" name="test_upload_brand_logo" time="0.835" /><testcase classname="tests.test_uploads" name="test_upload_favicon" time="0.243" /><testcase classname="tests.test_uploads" name="test_upload_dispatch_logo" time="0.169" /><testcase classname="tests.test_uploads" name="test_company_logo_flow" time="0.411" /><testcase classname="tests.test_uploads" name="test_file_not_found" time="0.079" /></testsuite></testsuites>