<?xml version="1.0" encoding="utf-8"?><testsuites name="pytest tests"><testsuite name="pytest" errors="0" failures="1" skipped="0" tests="3" time="1.373" timestamp="2026-08-18T13:17:33.310734+00:00" hostname="agent-env-bda36793-2020-40e2-8069-06b208e2fcfe"><testcase classname="tests.test_iteration2_officeflow" name="test_health_and_root" time="0.353" /><testcase classname="tests.test_iteration2_officeflow" name="test_admin_login_cookie_and_me" time="0.518"><failure message="assert 500 == 200&#10; +  where 500 = &lt;Response [500]&gt;.status_code">backend/tests/test_iteration2_officeflow.py:23: in test_admin_login_cookie_and_me
    assert login.status_code == 200
E   assert 500 == 200
E    +  where 500 = &lt;Response [500]&gt;.status_code</failure></testcase><testcase classname="tests.test_iteration2_officeflow" name="test_me_without_session_is_unauthorized" time="0.157" /></testsuite></testsuites>